2017/01/31 09:59:12 INFO  - jmeter.util.JMeterUtils: Setting Locale to en_US 
2017/01/31 09:59:12 INFO  - jmeter.JMeter: Loading user properties from: /usr/share/jmeter/bin/user.properties 
2017/01/31 09:59:12 INFO  - jmeter.JMeter: Loading system properties from: /usr/share/jmeter/bin/system.properties 
2017/01/31 09:59:12 INFO  - jmeter.JMeter: Copyright (c) 1998-2014 The Apache Software Foundation 
2017/01/31 09:59:12 INFO  - jmeter.JMeter: Version 2.11.20151206 
2017/01/31 09:59:12 INFO  - jmeter.JMeter: java.version=1.8.0_121 
2017/01/31 09:59:12 INFO  - jmeter.JMeter: java.vm.name=Java HotSpot(TM) 64-Bit Server VM 
2017/01/31 09:59:12 INFO  - jmeter.JMeter: os.name=Linux 
2017/01/31 09:59:12 INFO  - jmeter.JMeter: os.arch=amd64 
2017/01/31 09:59:12 INFO  - jmeter.JMeter: os.version=4.4.0-59-generic 
2017/01/31 09:59:12 INFO  - jmeter.JMeter: file.encoding=UTF-8 
2017/01/31 09:59:12 INFO  - jmeter.JMeter: Default Locale=English (United States) 
2017/01/31 09:59:12 INFO  - jmeter.JMeter: JMeter  Locale=English (United States) 
2017/01/31 09:59:12 INFO  - jmeter.JMeter: JMeterHome=/usr/share/jmeter 
2017/01/31 09:59:12 INFO  - jmeter.JMeter: user.dir  =/home/sarubi/Desktop/thory_work /localhost_test/Hello_summation 
2017/01/31 09:59:12 INFO  - jmeter.JMeter: PWD       =/home/sarubi/Desktop/thory_work /localhost_test/Hello_summation 
2017/01/31 09:59:12 INFO  - jmeter.JMeter: IP: 127.0.1.1 Name: sarubi-ThinkPad-T530 FullName: sarubi-ThinkPad-T530 
2017/01/31 09:59:12 INFO  - jmeter.JMeter: Loaded icon properties from org/apache/jmeter/images/icon.properties 
2017/01/31 09:59:14 INFO  - jmeter.engine.util.CompoundVariable: Note: Function class names must contain the string: '.functions.' 
2017/01/31 09:59:14 INFO  - jmeter.engine.util.CompoundVariable: Note: Function class names must not contain the string: '.gui.' 
2017/01/31 09:59:14 INFO  - jmeter.gui.action.LookAndFeelCommand: Using look and feel: javax.swing.plaf.metal.MetalLookAndFeel [Metal, CrossPlatform] 
2017/01/31 09:59:15 INFO  - jmeter.util.BSFTestElement: Registering JMeter version of JavaScript engine as work-round for BSF-22 
2017/01/31 09:59:15 INFO  - jmeter.protocol.http.sampler.HTTPSamplerBase: Cannot find .className property for htmlParser, using default 
2017/01/31 09:59:15 INFO  - jmeter.protocol.http.sampler.HTTPSamplerBase: Parser for text/html is  
2017/01/31 09:59:15 INFO  - jmeter.protocol.http.sampler.HTTPSamplerBase: Parser for application/xhtml+xml is  
2017/01/31 09:59:15 INFO  - jmeter.protocol.http.sampler.HTTPSamplerBase: Parser for application/xml is  
2017/01/31 09:59:15 INFO  - jmeter.protocol.http.sampler.HTTPSamplerBase: Parser for text/xml is  
2017/01/31 09:59:15 INFO  - jmeter.protocol.http.sampler.HTTPSamplerBase: Parser for text/vnd.wap.wml is org.apache.jmeter.protocol.http.parser.RegexpHTMLParser 
2017/01/31 09:59:15 INFO  - jmeter.gui.util.MenuFactory: Skipping org.apache.jmeter.protocol.http.modifier.gui.ParamModifierGui 
2017/01/31 09:59:16 INFO  - jorphan.exec.KeyToolUtils: keytool found at 'keytool' 
2017/01/31 09:59:16 INFO  - jmeter.protocol.http.proxy.ProxyControl: HTTP(S) Test Script Recorder SSL Proxy will use keys that support embedded 3rd party resources in file /usr/share/jmeter/bin/proxyserver.jks 
2017/01/31 09:59:16 INFO  - jmeter.samplers.SampleResult: Note: Sample TimeStamps are START times 
2017/01/31 09:59:16 INFO  - jmeter.samplers.SampleResult: sampleresult.default.encoding is set to ISO-8859-1 
2017/01/31 09:59:16 INFO  - jmeter.samplers.SampleResult: sampleresult.useNanoTime=true 
2017/01/31 09:59:16 INFO  - jmeter.samplers.SampleResult: sampleresult.nanoThreadSleep=5000 
2017/01/31 09:59:22 INFO  - jmeter.services.FileServer: Default base='/home/sarubi/Desktop/thory_work /localhost_test/Hello_summation' 
2017/01/31 09:59:22 INFO  - jmeter.gui.action.Load: Loading file: /home/sarubi/Desktop/thory_work /localhost_test/servicetime.jmx 
2017/01/31 09:59:22 INFO  - jmeter.services.FileServer: Set new base='/home/sarubi/Desktop/thory_work /localhost_test' 
2017/01/31 09:59:22 INFO  - jmeter.save.SaveService: Testplan (JMX) version: 2.2. Testlog (JTL) version: 2.2 
2017/01/31 09:59:22 INFO  - jmeter.save.SaveService: Using SaveService properties file encoding UTF-8 
2017/01/31 09:59:22 INFO  - jmeter.save.SaveService: Using SaveService properties version 2.6 
2017/01/31 09:59:22 INFO  - jmeter.save.SaveService: Using SaveService properties file version 1554411 
2017/01/31 09:59:22 INFO  - jmeter.save.SaveService: All converter versions present and correct 
2017/01/31 09:59:22 INFO  - jmeter.services.FileServer: Set new base='/home/sarubi/Desktop/thory_work /localhost_test' 
2017/01/31 09:59:39 INFO  - jmeter.engine.StandardJMeterEngine: Listeners will be started after enabling running version 
2017/01/31 09:59:39 INFO  - jmeter.engine.StandardJMeterEngine: To revert to the earlier behaviour, define jmeterengine.startlistenerslater=false 
2017/01/31 09:59:39 INFO  - jmeter.engine.StandardJMeterEngine: Running the test! 
2017/01/31 09:59:39 INFO  - jmeter.samplers.SampleEvent: List of sample_variables: [] 
2017/01/31 09:59:39 INFO  - jmeter.samplers.SampleEvent: List of sample_variables: [] 
2017/01/31 09:59:39 INFO  - jmeter.gui.util.JMeterMenuBar: setRunning(true,*local*) 
2017/01/31 09:59:40 INFO  - jmeter.engine.StandardJMeterEngine: Starting ThreadGroup: 1 : Warm-up 
2017/01/31 09:59:40 INFO  - jmeter.engine.StandardJMeterEngine: Starting 1 threads for group Warm-up. 
2017/01/31 09:59:40 INFO  - jmeter.engine.StandardJMeterEngine: Thread will continue on error 
2017/01/31 09:59:40 INFO  - jmeter.threads.ThreadGroup: Starting thread group number 1 threads 1 ramp-up 1 perThread 1000.0 delayedStart=false 
2017/01/31 09:59:40 INFO  - jmeter.threads.JMeterThread: jmeterthread.startearlier=true (see jmeter.properties) 
2017/01/31 09:59:40 INFO  - jmeter.threads.JMeterThread: Running PostProcessors in forward order 
2017/01/31 09:59:40 INFO  - jmeter.threads.ThreadGroup: Started thread group number 1 
2017/01/31 09:59:40 INFO  - jmeter.engine.StandardJMeterEngine: All thread groups have been started 
2017/01/31 09:59:40 INFO  - jmeter.threads.JMeterThread: Thread started: Warm-up 1-1 
2017/01/31 09:59:40 INFO  - jmeter.protocol.http.sampler.HTTPHCAbstractImpl: Local host = sarubi-ThinkPad-T530 
2017/01/31 09:59:40 INFO  - jmeter.protocol.http.sampler.HTTPHC4Impl: HTTP request retry count = 0 
2017/01/31 09:59:40 INFO  - jmeter.protocol.http.sampler.HTTPHC4Impl: Setting up HTTPS TrustAll scheme 
2017/01/31 09:59:40 INFO  - jmeter.util.JsseSSLManager: Using default SSL protocol: TLS 
2017/01/31 09:59:40 INFO  - jmeter.util.JsseSSLManager: SSL session context: per-thread 
2017/01/31 10:00:04 INFO  - jmeter.gui.action.Start: Shutting test down 
2017/01/31 10:00:04 INFO  - jmeter.threads.JMeterThread: Stopping: Warm-up 1-1 
2017/01/31 10:00:05 INFO  - jmeter.threads.JMeterThread: Thread finished: Warm-up 1-1 
2017/01/31 10:00:05 INFO  - jmeter.engine.StandardJMeterEngine: Notifying test listeners of end of test 
2017/01/31 10:00:05 INFO  - jmeter.gui.util.JMeterMenuBar: setRunning(false,*local*) 
2017/01/31 10:01:21 INFO  - jmeter.engine.StandardJMeterEngine: Running the test! 
2017/01/31 10:01:21 INFO  - jmeter.samplers.SampleEvent: List of sample_variables: [] 
2017/01/31 10:01:21 INFO  - jmeter.gui.util.JMeterMenuBar: setRunning(true,*local*) 
2017/01/31 10:01:21 INFO  - jmeter.engine.StandardJMeterEngine: Starting ThreadGroup: 1 : Warm-up 
2017/01/31 10:01:21 INFO  - jmeter.engine.StandardJMeterEngine: Starting 1 threads for group Warm-up. 
2017/01/31 10:01:21 INFO  - jmeter.engine.StandardJMeterEngine: Thread will continue on error 
2017/01/31 10:01:21 INFO  - jmeter.threads.ThreadGroup: Starting thread group number 1 threads 1 ramp-up 1 perThread 1000.0 delayedStart=false 
2017/01/31 10:01:21 INFO  - jmeter.threads.ThreadGroup: Started thread group number 1 
2017/01/31 10:01:21 INFO  - jmeter.engine.StandardJMeterEngine: All thread groups have been started 
2017/01/31 10:01:21 INFO  - jmeter.threads.JMeterThread: Thread started: Warm-up 1-1 
2017/01/31 10:01:55 INFO  - jmeter.gui.action.Start: Shutting test down 
2017/01/31 10:01:55 INFO  - jmeter.threads.JMeterThread: Stopping: Warm-up 1-1 
2017/01/31 10:01:55 INFO  - jmeter.threads.JMeterThread: Thread finished: Warm-up 1-1 
2017/01/31 10:01:55 INFO  - jmeter.engine.StandardJMeterEngine: Notifying test listeners of end of test 
2017/01/31 10:01:55 INFO  - jmeter.gui.util.JMeterMenuBar: setRunning(false,*local*) 
2017/01/31 10:03:18 INFO  - jmeter.engine.StandardJMeterEngine: Running the test! 
2017/01/31 10:03:18 INFO  - jmeter.samplers.SampleEvent: List of sample_variables: [] 
2017/01/31 10:03:18 INFO  - jmeter.gui.util.JMeterMenuBar: setRunning(true,*local*) 
2017/01/31 10:03:18 INFO  - jmeter.engine.StandardJMeterEngine: Starting ThreadGroup: 1 : Warm-up 
2017/01/31 10:03:18 INFO  - jmeter.engine.StandardJMeterEngine: Starting 1 threads for group Warm-up. 
2017/01/31 10:03:18 INFO  - jmeter.engine.StandardJMeterEngine: Thread will continue on error 
2017/01/31 10:03:18 INFO  - jmeter.threads.ThreadGroup: Starting thread group number 1 threads 1 ramp-up 1 perThread 1000.0 delayedStart=false 
2017/01/31 10:03:18 INFO  - jmeter.threads.ThreadGroup: Started thread group number 1 
2017/01/31 10:03:18 INFO  - jmeter.engine.StandardJMeterEngine: All thread groups have been started 
2017/01/31 10:03:18 INFO  - jmeter.threads.JMeterThread: Thread started: Warm-up 1-1 
2017/01/31 10:03:30 INFO  - jmeter.gui.action.Start: Shutting test down 
2017/01/31 10:03:30 INFO  - jmeter.threads.JMeterThread: Stopping: Warm-up 1-1 
2017/01/31 10:03:30 INFO  - jmeter.threads.JMeterThread: Thread finished: Warm-up 1-1 
2017/01/31 10:03:30 INFO  - jmeter.engine.StandardJMeterEngine: Notifying test listeners of end of test 
2017/01/31 10:03:30 INFO  - jmeter.gui.util.JMeterMenuBar: setRunning(false,*local*) 
